2020-08-03 20:36:24,263 [main] INFO  [c.u.j.c.EnableEncryptablePropertiesBeanFactoryPostProcessor] EnableEncryptablePropertiesBeanFactoryPostProcessor.java:50 - Post-processing PropertySource instances
2020-08-03 20:36:24,320 [main] INFO  [c.u.j.EncryptablePropertySourceConverter] EncryptablePropertySourceConverter.java:39 - Converting PropertySource configurationProperties [org.springframework.boot.context.properties.source.ConfigurationPropertySourcesPropertySource] to AOP Proxy
2020-08-03 20:36:24,321 [main] INFO  [c.u.j.EncryptablePropertySourceConverter] EncryptablePropertySourceConverter.java:39 - Converting PropertySource bootstrap [org.springframework.core.env.MapPropertySource] to EncryptableMapPropertySourceWrapper
2020-08-03 20:36:24,322 [main] INFO  [c.u.j.EncryptablePropertySourceConverter] EncryptablePropertySourceConverter.java:39 - Converting PropertySource systemProperties [org.springframework.core.env.PropertiesPropertySource] to EncryptableMapPropertySourceWrapper
2020-08-03 20:36:24,322 [main] INFO  [c.u.j.EncryptablePropertySourceConverter] EncryptablePropertySourceConverter.java:39 - Converting PropertySource systemEnvironment [org.springframework.boot.env.SystemEnvironmentPropertySourceEnvironmentPostProcessor$OriginAwareSystemEnvironmentPropertySource] to EncryptableMapPropertySourceWrapper
2020-08-03 20:36:24,322 [main] INFO  [c.u.j.EncryptablePropertySourceConverter] EncryptablePropertySourceConverter.java:39 - Converting PropertySource random [org.springframework.boot.env.RandomValuePropertySource] to EncryptablePropertySourceWrapper
2020-08-03 20:36:24,323 [main] INFO  [c.u.j.EncryptablePropertySourceConverter] EncryptablePropertySourceConverter.java:39 - Converting PropertySource springCloudClientHostInfo [org.springframework.core.env.MapPropertySource] to EncryptableMapPropertySourceWrapper
2020-08-03 20:36:24,323 [main] INFO  [c.u.j.EncryptablePropertySourceConverter] EncryptablePropertySourceConverter.java:39 - Converting PropertySource applicationConfig: [classpath:/bootstrap.yml] [org.springframework.boot.env.OriginTrackedMapPropertySource] to EncryptableMapPropertySourceWrapper
2020-08-03 20:36:24,354 [main] INFO  [c.u.j.filter.DefaultLazyPropertyFilter] DefaultLazyPropertyFilter.java:31 - Property Filter custom Bean not found with name 'encryptablePropertyFilter'. Initializing Default Property Filter
2020-08-03 20:36:24,357 [main] INFO  [c.u.j.resolver.DefaultLazyPropertyResolver] DefaultLazyPropertyResolver.java:31 - Property Resolver custom Bean not found with name 'encryptablePropertyResolver'. Initializing Default Property Resolver
2020-08-03 20:36:24,358 [main] INFO  [c.u.j.detector.DefaultLazyPropertyDetector] DefaultLazyPropertyDetector.java:30 - Property Detector custom Bean not found with name 'encryptablePropertyDetector'. Initializing Default Property Detector
2020-08-03 20:36:26,163 [main] WARN  [c.a.cloud.nacos.client.NacosPropertySourceBuilder] NacosPropertySourceBuilder.java:87 - Ignore the empty nacos configuration and get it based on dataId[whale-user-centre] & group[DEFAULT_GROUP]
2020-08-03 20:36:26,165 [main] WARN  [c.a.cloud.nacos.client.NacosPropertySourceBuilder] NacosPropertySourceBuilder.java:87 - Ignore the empty nacos configuration and get it based on dataId[whale-user-centre.yml] & group[DEFAULT_GROUP]
2020-08-03 20:36:26,171 [main] INFO  [o.s.c.b.c.PropertySourceBootstrapConfiguration] PropertySourceBootstrapConfiguration.java:112 - Located property source: [BootstrapPropertySource {name='bootstrapProperties-whale-user-centre-dev.yml,DEFAULT_GROUP'}, BootstrapPropertySource {name='bootstrapProperties-whale-user-centre.yml,DEFAULT_GROUP'}, BootstrapPropertySource {name='bootstrapProperties-whale-user-centre,DEFAULT_GROUP'}, BootstrapPropertySource {name='bootstrapProperties-application-dev.yml,DEFAULT_GROUP'}]
2020-08-03 20:36:26,200 [main] INFO  [c.u.j.c.EnableEncryptablePropertiesConfiguration] EnableEncryptablePropertiesConfiguration.java:72 - Bootstraping jasypt-string-boot auto configuration in context: whale-user-centre-1
2020-08-03 20:36:26,201 [main] INFO  [com.whalex.usercentre.WhaleUserCentreApplication] SpringApplication.java:655 - The following profiles are active: dev
2020-08-03 20:36:28,001 [main] WARN  [o.springframework.boot.actuate.endpoint.EndpointId] EndpointId.java:155 - Endpoint ID 'service-registry' contains invalid characters, please migrate to a valid format.
2020-08-03 20:36:28,102 [main] INFO  [o.springframework.cloud.context.scope.GenericScope] GenericScope.java:295 - BeanFactory id=2e20c09b-3a94-365b-91cd-31ae3238d579
2020-08-03 20:36:28,232 [main] INFO  [c.u.j.c.EnableEncryptablePropertiesBeanFactoryPostProcessor] EnableEncryptablePropertiesBeanFactoryPostProcessor.java:50 - Post-processing PropertySource instances
2020-08-03 20:36:28,243 [main] INFO  [c.u.j.EncryptablePropertySourceConverter] EncryptablePropertySourceConverter.java:39 - Converting PropertySource bootstrapProperties-whale-user-centre-dev.yml,DEFAULT_GROUP [org.springframework.cloud.bootstrap.config.BootstrapPropertySource] to EncryptableEnumerablePropertySourceWrapper
2020-08-03 20:36:28,244 [main] INFO  [c.u.j.EncryptablePropertySourceConverter] EncryptablePropertySourceConverter.java:39 - Converting PropertySource bootstrapProperties-whale-user-centre.yml,DEFAULT_GROUP [org.springframework.cloud.bootstrap.config.BootstrapPropertySource] to EncryptableEnumerablePropertySourceWrapper
2020-08-03 20:36:28,244 [main] INFO  [c.u.j.EncryptablePropertySourceConverter] EncryptablePropertySourceConverter.java:39 - Converting PropertySource bootstrapProperties-whale-user-centre,DEFAULT_GROUP [org.springframework.cloud.bootstrap.config.BootstrapPropertySource] to EncryptableEnumerablePropertySourceWrapper
2020-08-03 20:36:28,244 [main] INFO  [c.u.j.EncryptablePropertySourceConverter] EncryptablePropertySourceConverter.java:39 - Converting PropertySource bootstrapProperties-application-dev.yml,DEFAULT_GROUP [org.springframework.cloud.bootstrap.config.BootstrapPropertySource] to EncryptableEnumerablePropertySourceWrapper
2020-08-03 20:36:28,244 [main] INFO  [c.u.j.EncryptablePropertySourceConverter] EncryptablePropertySourceConverter.java:39 - Converting PropertySource configurationProperties [org.springframework.boot.context.properties.source.ConfigurationPropertySourcesPropertySource] to AOP Proxy
2020-08-03 20:36:28,244 [main] INFO  [c.u.j.EncryptablePropertySourceConverter] EncryptablePropertySourceConverter.java:39 - Converting PropertySource servletConfigInitParams [org.springframework.core.env.PropertySource$StubPropertySource] to EncryptablePropertySourceWrapper
2020-08-03 20:36:28,245 [main] INFO  [c.u.j.EncryptablePropertySourceConverter] EncryptablePropertySourceConverter.java:39 - Converting PropertySource servletContextInitParams [org.springframework.core.env.PropertySource$StubPropertySource] to EncryptablePropertySourceWrapper
2020-08-03 20:36:28,245 [main] INFO  [c.u.j.EncryptablePropertySourceConverter] EncryptablePropertySourceConverter.java:39 - Converting PropertySource systemProperties [org.springframework.core.env.PropertiesPropertySource] to EncryptableMapPropertySourceWrapper
2020-08-03 20:36:28,245 [main] INFO  [c.u.j.EncryptablePropertySourceConverter] EncryptablePropertySourceConverter.java:39 - Converting PropertySource systemEnvironment [org.springframework.boot.env.SystemEnvironmentPropertySourceEnvironmentPostProcessor$OriginAwareSystemEnvironmentPropertySource] to EncryptableMapPropertySourceWrapper
2020-08-03 20:36:28,245 [main] INFO  [c.u.j.EncryptablePropertySourceConverter] EncryptablePropertySourceConverter.java:39 - Converting PropertySource random [org.springframework.boot.env.RandomValuePropertySource] to EncryptablePropertySourceWrapper
2020-08-03 20:36:28,245 [main] INFO  [c.u.j.EncryptablePropertySourceConverter] EncryptablePropertySourceConverter.java:39 - Converting PropertySource springCloudClientHostInfo [org.springframework.core.env.MapPropertySource] to EncryptableMapPropertySourceWrapper
2020-08-03 20:36:28,246 [main] INFO  [c.u.j.EncryptablePropertySourceConverter] EncryptablePropertySourceConverter.java:39 - Converting PropertySource applicationConfig: [classpath:/application.properties] [org.springframework.boot.env.OriginTrackedMapPropertySource] to EncryptableMapPropertySourceWrapper
2020-08-03 20:36:28,246 [main] INFO  [c.u.j.EncryptablePropertySourceConverter] EncryptablePropertySourceConverter.java:39 - Converting PropertySource springCloudDefaultProperties [org.springframework.core.env.MapPropertySource] to EncryptableMapPropertySourceWrapper
2020-08-03 20:36:28,246 [main] INFO  [c.u.j.EncryptablePropertySourceConverter] EncryptablePropertySourceConverter.java:39 - Converting PropertySource cachedrandom [org.springframework.cloud.util.random.CachedRandomPropertySource] to EncryptablePropertySourceWrapper
2020-08-03 20:36:28,283 [main] INFO  [c.u.j.filter.DefaultLazyPropertyFilter] DefaultLazyPropertyFilter.java:31 - Property Filter custom Bean not found with name 'encryptablePropertyFilter'. Initializing Default Property Filter
2020-08-03 20:36:28,439 [main] INFO  [o.s.c.s.PostProcessorRegistrationDelegate$BeanPostProcessorChecker] PostProcessorRegistrationDelegate.java:335 - Bean 'spring.datasource.dynamic-com.baomidou.dynamic.datasource.spring.boot.autoconfigure.DynamicDataSourceProperties' of type [com.baomidou.dynamic.datasource.spring.boot.autoconfigure.DynamicDataSourceProperties] is not eligible for getting processed by all BeanPostProcessors (for example: not eligible for auto-proxying)
2020-08-03 20:36:28,442 [main] INFO  [o.s.c.s.PostProcessorRegistrationDelegate$BeanPostProcessorChecker] PostProcessorRegistrationDelegate.java:335 - Bean 'com.baomidou.dynamic.datasource.spring.boot.autoconfigure.DynamicDataSourceAutoConfiguration' of type [com.baomidou.dynamic.datasource.spring.boot.autoconfigure.DynamicDataSourceAutoConfiguration$$EnhancerBySpringCGLIB$$799b61fa] is not eligible for getting processed by all BeanPostProcessors (for example: not eligible for auto-proxying)
2020-08-03 20:36:28,449 [main] INFO  [o.s.c.s.PostProcessorRegistrationDelegate$BeanPostProcessorChecker] PostProcessorRegistrationDelegate.java:335 - Bean 'dsProcessor' of type [com.baomidou.dynamic.datasource.processor.DsHeaderProcessor] is not eligible for getting processed by all BeanPostProcessors (for example: not eligible for auto-proxying)
2020-08-03 20:36:28,455 [main] INFO  [o.s.c.s.PostProcessorRegistrationDelegate$BeanPostProcessorChecker] PostProcessorRegistrationDelegate.java:335 - Bean 'dynamicDatasourceAnnotationAdvisor' of type [com.baomidou.dynamic.datasource.aop.DynamicDataSourceAnnotationAdvisor] is not eligible for getting processed by all BeanPostProcessors (for example: not eligible for auto-proxying)
2020-08-03 20:36:28,483 [main] INFO  [o.s.c.s.PostProcessorRegistrationDelegate$BeanPostProcessorChecker] PostProcessorRegistrationDelegate.java:335 - Bean 'org.springframework.security.access.expression.method.DefaultMethodSecurityExpressionHandler@6aff97d6' of type [org.springframework.security.oauth2.provider.expression.OAuth2MethodSecurityExpressionHandler] is not eligible for getting processed by all BeanPostProcessors (for example: not eligible for auto-proxying)
2020-08-03 20:36:28,490 [main] INFO  [o.s.c.s.PostProcessorRegistrationDelegate$BeanPostProcessorChecker] PostProcessorRegistrationDelegate.java:335 - Bean 'methodSecurityMetadataSource' of type [org.springframework.security.access.method.DelegatingMethodSecurityMetadataSource] is not eligible for getting processed by all BeanPostProcessors (for example: not eligible for auto-proxying)
2020-08-03 20:36:28,502 [main] INFO  [c.u.j.resolver.DefaultLazyPropertyResolver] DefaultLazyPropertyResolver.java:31 - Property Resolver custom Bean not found with name 'encryptablePropertyResolver'. Initializing Default Property Resolver
2020-08-03 20:36:28,502 [main] INFO  [c.u.j.detector.DefaultLazyPropertyDetector] DefaultLazyPropertyDetector.java:30 - Property Detector custom Bean not found with name 'encryptablePropertyDetector'. Initializing Default Property Detector
2020-08-03 20:36:28,602 [main] INFO  [o.s.c.s.PostProcessorRegistrationDelegate$BeanPostProcessorChecker] PostProcessorRegistrationDelegate.java:335 - Bean 'spring.cloud.sentinel-com.alibaba.cloud.sentinel.SentinelProperties' of type [com.alibaba.cloud.sentinel.SentinelProperties] is not eligible for getting processed by all BeanPostProcessors (for example: not eligible for auto-proxying)
2020-08-03 20:36:39,958 [main] INFO  [o.s.c.s.PostProcessorRegistrationDelegate$BeanPostProcessorChecker] PostProcessorRegistrationDelegate.java:335 - Bean 'com.alibaba.cloud.sentinel.custom.SentinelAutoConfiguration' of type [com.alibaba.cloud.sentinel.custom.SentinelAutoConfiguration] is not eligible for getting processed by all BeanPostProcessors (for example: not eligible for auto-proxying)
2020-08-03 20:36:40,110 [main] WARN  [io.undertow.websockets.jsr] Bootstrap.java:68 - UT026010: Buffer pool was not set on WebSocketDeploymentInfo, the default pool will be used
2020-08-03 20:36:40,137 [main] INFO  [io.undertow.servlet] ServletContextImpl.java:364 - Initializing Spring embedded WebApplicationContext
2020-08-03 20:36:40,137 [main] INFO  [o.s.b.w.s.c.ServletWebServerApplicationContext] ServletWebServerApplicationContext.java:285 - Root WebApplicationContext: initialization completed in 13916 ms
2020-08-03 20:36:40,257 [main] WARN  [o.springframework.boot.actuate.endpoint.EndpointId] EndpointId.java:155 - Endpoint ID 'nacos-config' contains invalid characters, please migrate to a valid format.
2020-08-03 20:36:40,257 [main] WARN  [o.springframework.boot.actuate.endpoint.EndpointId] EndpointId.java:155 - Endpoint ID 'nacos-discovery' contains invalid characters, please migrate to a valid format.
2020-08-03 20:36:40,417 [main] INFO  [c.a.d.s.b.a.DruidDataSourceAutoConfigure] DruidDataSourceAutoConfigure.java:56 - Init DruidDataSource
2020-08-03 20:36:40,554 [main] INFO  [com.alibaba.druid.pool.DruidDataSource] DruidDataSource.java:1010 - {dataSource-1} inited
2020-08-03 20:36:41,480 [main] INFO  [c.a.cloud.sentinel.SentinelWebAutoConfiguration] SentinelWebAutoConfiguration.java:80 - [Sentinel Starter] register SentinelWebInterceptor with urlPatterns: [/**].
2020-08-03 20:36:41,573 [main] WARN  [o.s.s.o.p.token.store.JwtAccessTokenConverter] JwtAccessTokenConverter.java:302 - Unable to create an RSA verifier from verifierKey (ignoreable if using MAC)
2020-08-03 20:36:41,612 [main] WARN  [com.netflix.config.sources.URLConfigurationSource] URLConfigurationSource.java:121 - No URLs will be polled as dynamic configuration sources.
2020-08-03 20:36:41,612 [main] INFO  [com.netflix.config.sources.URLConfigurationSource] URLConfigurationSource.java:122 - To enable URLs as dynamic configuration sources, define System property archaius.configurationSource.additionalUrls or make config.properties available on classpath.
2020-08-03 20:36:41,615 [main] WARN  [com.netflix.config.sources.URLConfigurationSource] URLConfigurationSource.java:121 - No URLs will be polled as dynamic configuration sources.
2020-08-03 20:36:41,615 [main] INFO  [com.netflix.config.sources.URLConfigurationSource] URLConfigurationSource.java:122 - To enable URLs as dynamic configuration sources, define System property archaius.configurationSource.additionalUrls or make config.properties available on classpath.
2020-08-03 20:36:41,728 [main] INFO  [o.s.scheduling.concurrent.ThreadPoolTaskExecutor] ExecutorConfigurationSupport.java:181 - Initializing ExecutorService 'applicationTaskExecutor'
2020-08-03 20:36:43,294 [main] INFO  [org.springframework.cloud.commons.util.InetUtils] InetUtils.java:170 - Cannot determine local hostname
2020-08-03 20:36:43,300 [main] INFO  [o.s.scheduling.concurrent.ThreadPoolTaskScheduler] ExecutorConfigurationSupport.java:181 - Initializing ExecutorService 'Nacso-Watch-Task-Scheduler'
2020-08-03 20:36:43,579 [main] INFO  [o.s.b.a.s.s.UserDetailsServiceAutoConfiguration] UserDetailsServiceAutoConfiguration.java:86 - 

Using generated security password: 078a798e-752e-4358-8f6f-3839d878cd46

2020-08-03 20:36:43,774 [main] INFO  [o.s.security.web.DefaultSecurityFilterChain] DefaultSecurityFilterChain.java:43 - Creating filter chain: any request, [org.springframework.security.web.context.request.async.WebAsyncManagerIntegrationFilter@656302c, org.springframework.security.web.context.SecurityContextPersistenceFilter@a4dcede, org.springframework.security.web.header.HeaderWriterFilter@56a72887, org.springframework.security.web.authentication.logout.LogoutFilter@77401977, org.springframework.security.oauth2.provider.authentication.OAuth2AuthenticationProcessingFilter@4452e13c, org.springframework.security.web.savedrequest.RequestCacheAwareFilter@4a773f08, org.springframework.security.web.servletapi.SecurityContextHolderAwareRequestFilter@71e2843b, org.springframework.security.web.authentication.AnonymousAuthenticationFilter@6f6a2ac8, org.springframework.security.web.session.SessionManagementFilter@2c731a16, org.springframework.security.web.access.ExceptionTranslationFilter@5df54296, org.springframework.security.web.access.intercept.FilterSecurityInterceptor@1c22642d]
2020-08-03 20:36:43,841 [main] WARN  [o.s.b.a.freemarker.FreeMarkerAutoConfiguration] FreeMarkerAutoConfiguration.java:67 - Cannot find template location(s): [classpath:/templates/] (please add some templates, check your FreeMarker configuration, or set spring.freemarker.checkTemplateLocation=false)
2020-08-03 20:36:45,313 [main] INFO  [org.springframework.cloud.commons.util.InetUtils] InetUtils.java:170 - Cannot determine local hostname
2020-08-03 20:36:45,362 [main] WARN  [o.s.c.s.o.SpringCloudSecurityAutoConfiguration] SpringCloudSecurityAutoConfiguration.java:38 - All Spring Cloud Security modules and starters are deprecated. They will be moved to individual projects in the next major release.
2020-08-03 20:36:45,366 [main] INFO  [o.s.b.actuate.endpoint.web.EndpointLinksResolver] EndpointLinksResolver.java:58 - Exposing 20 endpoint(s) beneath base path '/actuator'
2020-08-03 20:36:45,465 [main] INFO  [io.undertow] Undertow.java:117 - starting server: Undertow - 2.1.3.Final
2020-08-03 20:36:45,471 [main] INFO  [org.xnio] Xnio.java:95 - XNIO version 3.8.0.Final
2020-08-03 20:36:45,481 [main] INFO  [org.xnio.nio] NioXnio.java:59 - XNIO NIO Implementation Version 3.8.0.Final
2020-08-03 20:36:45,510 [main] INFO  [org.jboss.threads] Version.java:52 - JBoss Threads version 3.1.0.Final
2020-08-03 20:36:45,547 [main] INFO  [o.s.boot.web.embedded.undertow.UndertowWebServer] UndertowWebServer.java:133 - Undertow started on port(s) 10003 (http)
2020-08-03 20:36:45,580 [main] INFO  [c.a.cloud.nacos.registry.NacosServiceRegistry] NacosServiceRegistry.java:65 - nacos registry, DEFAULT_GROUP whale-user-centre 192.168.72.1:10003 register finished
2020-08-03 20:36:47,158 [main] INFO  [org.springframework.cloud.commons.util.InetUtils] InetUtils.java:170 - Cannot determine local hostname
2020-08-03 20:36:47,173 [main] INFO  [com.whalex.usercentre.WhaleUserCentreApplication] StartupInfoLogger.java:61 - Started WhaleUserCentreApplication in 25.631 seconds (JVM running for 26.718)
2020-08-03 20:36:47,398 [RMI TCP Connection(1)-192.168.72.1] INFO  [io.undertow.servlet] ServletContextImpl.java:364 - Initializing Spring DispatcherServlet 'dispatcherServlet'
2020-08-03 20:36:47,399 [RMI TCP Connection(1)-192.168.72.1] INFO  [org.springframework.web.servlet.DispatcherServlet] FrameworkServlet.java:525 - Initializing Servlet 'dispatcherServlet'
2020-08-03 20:36:47,405 [RMI TCP Connection(1)-192.168.72.1] INFO  [org.springframework.web.servlet.DispatcherServlet] FrameworkServlet.java:547 - Completed initialization in 6 ms
2020-08-03 20:40:59,686 [XNIO-1 task-1] DEBUG [c.w.u.m.SysCustomerMapper.selectUserByCondition] BaseJdbcLogger.java:143 - ==>  Preparing: SELECT id, account, username, `password`, tenant_code, phone, avatar, create_time, update_time, `status`, is_delete, create_user, update_user FROM sys_customer WHERE account = ? AND tenant_code = ? 
2020-08-03 20:40:59,713 [XNIO-1 task-1] DEBUG [c.w.u.m.SysCustomerMapper.selectUserByCondition] BaseJdbcLogger.java:143 - ==> Parameters: sdad23307216(String), 0(String)
2020-08-03 20:40:59,726 [XNIO-1 task-1] ERROR [com.alibaba.druid.filter.stat.StatFilter] StatFilter.java:478 - slow sql 11 millis. SELECT id, account, username, `password`, tenant_code, phone, avatar, create_time, update_time, `status`, is_delete, create_user, update_user FROM sys_customer WHERE account = ? AND tenant_code = ?["sdad23307216","0"]
2020-08-03 20:40:59,751 [XNIO-1 task-1] DEBUG [c.w.u.m.SysCustomerMapper.selectUserByCondition] BaseJdbcLogger.java:143 - <==      Total: 1
2020-08-03 20:40:59,766 [XNIO-1 task-1] DEBUG [c.w.u.mapper.SysRoleMapper.getCustomerRoleById] BaseJdbcLogger.java:143 - ==>  Preparing: SELECT role.* FROM sys_customer_role AS cRole LEFT JOIN sys_role role ON role.id = cRole.role_id WHERE cRole.customer_id = ? 
2020-08-03 20:40:59,767 [XNIO-1 task-1] DEBUG [c.w.u.mapper.SysRoleMapper.getCustomerRoleById] BaseJdbcLogger.java:143 - ==> Parameters: 1(Long)
2020-08-03 20:40:59,770 [XNIO-1 task-1] ERROR [com.alibaba.druid.filter.stat.StatFilter] StatFilter.java:478 - slow sql 2 millis. SELECT role.* FROM sys_customer_role AS cRole LEFT JOIN sys_role role ON role.id = cRole.role_id WHERE cRole.customer_id = ?[1]
2020-08-03 20:40:59,773 [XNIO-1 task-1] DEBUG [c.w.u.mapper.SysMenuMapper.getMenuByRoleId] BaseJdbcLogger.java:143 - ====>  Preparing: SELECT sym.* FROM sys_menu sym RIGHT JOIN sys_role_menu srm ON srm.menu_id = sym.id WHERE srm.role_id = ? 
2020-08-03 20:40:59,774 [XNIO-1 task-1] DEBUG [c.w.u.mapper.SysMenuMapper.getMenuByRoleId] BaseJdbcLogger.java:143 - ====> Parameters: 1(Long)
2020-08-03 20:40:59,776 [XNIO-1 task-1] ERROR [com.alibaba.druid.filter.stat.StatFilter] StatFilter.java:478 - slow sql 2 millis. SELECT sym.* FROM sys_menu sym RIGHT JOIN sys_role_menu srm ON srm.menu_id = sym.id WHERE srm.role_id = ?[1]
2020-08-03 20:40:59,777 [XNIO-1 task-1] DEBUG [c.w.u.mapper.SysMenuMapper.getMenuByRoleId] BaseJdbcLogger.java:143 - <====      Total: 1
2020-08-03 20:40:59,777 [XNIO-1 task-1] DEBUG [c.w.u.mapper.SysRoleMapper.getCustomerRoleById] BaseJdbcLogger.java:143 - <==      Total: 1
2020-08-03 20:41:00,586 [XNIO-1 task-1] DEBUG [c.w.u.mapper.SysMenuMapper.getMenuByRoleIds] BaseJdbcLogger.java:143 - ==>  Preparing: SELECT sym.* FROM sys_menu sym RIGHT JOIN sys_role_menu srm ON srm.menu_id = sym.id WHERE srm.role_id IN (?) AND sym.tenant_code = 0 
2020-08-03 20:41:00,586 [XNIO-1 task-1] DEBUG [c.w.u.mapper.SysMenuMapper.getMenuByRoleIds] BaseJdbcLogger.java:143 - ==> Parameters: 1(Long)
2020-08-03 20:41:00,587 [XNIO-1 task-1] DEBUG [c.w.u.mapper.SysMenuMapper.getMenuByRoleIds] BaseJdbcLogger.java:143 - <==      Total: 1
2020-08-03 20:49:30,374 [XNIO-1 task-1] DEBUG [c.w.u.m.SysCustomerMapper.selectUserByCondition] BaseJdbcLogger.java:143 - ==>  Preparing: SELECT id, account, username, `password`, tenant_code, phone, avatar, create_time, update_time, `status`, is_delete, create_user, update_user FROM sys_customer WHERE account = ? AND tenant_code = ? 
2020-08-03 20:49:30,374 [XNIO-1 task-1] DEBUG [c.w.u.m.SysCustomerMapper.selectUserByCondition] BaseJdbcLogger.java:143 - ==> Parameters: sdad23307216(String), 0(String)
2020-08-03 20:49:30,376 [XNIO-1 task-1] DEBUG [c.w.u.m.SysCustomerMapper.selectUserByCondition] BaseJdbcLogger.java:143 - <==      Total: 1
2020-08-03 20:49:30,378 [XNIO-1 task-1] DEBUG [c.w.u.mapper.SysRoleMapper.getCustomerRoleById] BaseJdbcLogger.java:143 - ==>  Preparing: SELECT role.* FROM sys_customer_role AS cRole LEFT JOIN sys_role role ON role.id = cRole.role_id WHERE cRole.customer_id = ? 
2020-08-03 20:49:30,378 [XNIO-1 task-1] DEBUG [c.w.u.mapper.SysRoleMapper.getCustomerRoleById] BaseJdbcLogger.java:143 - ==> Parameters: 1(Long)
2020-08-03 20:49:30,381 [XNIO-1 task-1] DEBUG [c.w.u.mapper.SysMenuMapper.getMenuByRoleId] BaseJdbcLogger.java:143 - ====>  Preparing: SELECT sym.* FROM sys_menu sym RIGHT JOIN sys_role_menu srm ON srm.menu_id = sym.id WHERE srm.role_id = ? 
2020-08-03 20:49:30,381 [XNIO-1 task-1] DEBUG [c.w.u.mapper.SysMenuMapper.getMenuByRoleId] BaseJdbcLogger.java:143 - ====> Parameters: 1(Long)
2020-08-03 20:49:30,383 [XNIO-1 task-1] DEBUG [c.w.u.mapper.SysMenuMapper.getMenuByRoleId] BaseJdbcLogger.java:143 - <====      Total: 1
2020-08-03 20:49:30,383 [XNIO-1 task-1] DEBUG [c.w.u.mapper.SysRoleMapper.getCustomerRoleById] BaseJdbcLogger.java:143 - <==      Total: 1
2020-08-03 20:49:30,469 [XNIO-1 task-1] DEBUG [c.w.u.mapper.SysMenuMapper.getMenuByRoleIds] BaseJdbcLogger.java:143 - ==>  Preparing: SELECT sym.* FROM sys_menu sym RIGHT JOIN sys_role_menu srm ON srm.menu_id = sym.id WHERE srm.role_id IN (?) AND sym.tenant_code = 0 
2020-08-03 20:49:30,469 [XNIO-1 task-1] DEBUG [c.w.u.mapper.SysMenuMapper.getMenuByRoleIds] BaseJdbcLogger.java:143 - ==> Parameters: 1(Long)
2020-08-03 20:49:30,471 [XNIO-1 task-1] DEBUG [c.w.u.mapper.SysMenuMapper.getMenuByRoleIds] BaseJdbcLogger.java:143 - <==      Total: 1
2020-08-03 21:10:06,684 [XNIO-1 task-1] DEBUG [c.w.u.mapper.SysCustomerMapper.getUserById] BaseJdbcLogger.java:143 - ==>  Preparing: SELECT id, account, username, `password`, tenant_code, phone, avatar, create_time, update_time, `status`, is_delete, create_user, update_user FROM sys_customer WHERE ID = ? AND tenant_code = 0 
2020-08-03 21:10:06,685 [XNIO-1 task-1] DEBUG [c.w.u.mapper.SysCustomerMapper.getUserById] BaseJdbcLogger.java:143 - ==> Parameters: 1(Long)
2020-08-03 21:10:06,686 [XNIO-1 task-1] DEBUG [c.w.u.mapper.SysCustomerMapper.getUserById] BaseJdbcLogger.java:143 - <==      Total: 1
2020-08-03 21:10:06,688 [XNIO-1 task-1] DEBUG [c.w.u.mapper.SysRoleMapper.getCustomerRoleById] BaseJdbcLogger.java:143 - ==>  Preparing: SELECT role.* FROM sys_customer_role AS cRole LEFT JOIN sys_role role ON role.id = cRole.role_id AND role.tenant_code = 0 WHERE cRole.customer_id = ? 
2020-08-03 21:10:06,688 [XNIO-1 task-1] DEBUG [c.w.u.mapper.SysRoleMapper.getCustomerRoleById] BaseJdbcLogger.java:143 - ==> Parameters: 1(Long)
2020-08-03 21:10:06,691 [XNIO-1 task-1] DEBUG [c.w.u.mapper.SysMenuMapper.getMenuByRoleId] BaseJdbcLogger.java:143 - ====>  Preparing: SELECT sym.* FROM sys_menu sym RIGHT JOIN sys_role_menu srm ON srm.menu_id = sym.id WHERE srm.role_id = ? AND sym.tenant_code = 0 
2020-08-03 21:10:06,691 [XNIO-1 task-1] DEBUG [c.w.u.mapper.SysMenuMapper.getMenuByRoleId] BaseJdbcLogger.java:143 - ====> Parameters: 1(Long)
2020-08-03 21:10:06,693 [XNIO-1 task-1] DEBUG [c.w.u.mapper.SysMenuMapper.getMenuByRoleId] BaseJdbcLogger.java:143 - <====      Total: 1
2020-08-03 21:10:06,693 [XNIO-1 task-1] DEBUG [c.w.u.mapper.SysRoleMapper.getCustomerRoleById] BaseJdbcLogger.java:143 - <==      Total: 1
2020-08-03 21:10:06,706 [XNIO-1 task-1] DEBUG [c.w.u.mapper.SysMenuMapper.getMenuByRoleIds] BaseJdbcLogger.java:143 - ==>  Preparing: SELECT sym.* FROM sys_menu sym RIGHT JOIN sys_role_menu srm ON srm.menu_id = sym.id WHERE srm.role_id IN (?) AND sym.tenant_code = 0 
2020-08-03 21:10:06,706 [XNIO-1 task-1] DEBUG [c.w.u.mapper.SysMenuMapper.getMenuByRoleIds] BaseJdbcLogger.java:143 - ==> Parameters: 1(Long)
2020-08-03 21:10:06,707 [XNIO-1 task-1] DEBUG [c.w.u.mapper.SysMenuMapper.getMenuByRoleIds] BaseJdbcLogger.java:143 - <==      Total: 1
2020-08-03 21:12:57,782 [XNIO-1 task-1] DEBUG [c.w.u.mapper.SysCustomerMapper.getUserById] BaseJdbcLogger.java:143 - ==>  Preparing: SELECT id, account, username, `password`, tenant_code, phone, avatar, create_time, update_time, `status`, is_delete, create_user, update_user FROM sys_customer WHERE ID = ? AND tenant_code = 0 
2020-08-03 21:12:57,783 [XNIO-1 task-1] DEBUG [c.w.u.mapper.SysCustomerMapper.getUserById] BaseJdbcLogger.java:143 - ==> Parameters: 1(Long)
2020-08-03 21:12:57,790 [XNIO-1 task-1] DEBUG [c.w.u.mapper.SysCustomerMapper.getUserById] BaseJdbcLogger.java:143 - <==      Total: 1
2020-08-03 21:12:57,792 [XNIO-1 task-1] DEBUG [c.w.u.mapper.SysRoleMapper.getCustomerRoleById] BaseJdbcLogger.java:143 - ==>  Preparing: SELECT role.* FROM sys_customer_role AS cRole LEFT JOIN sys_role role ON role.id = cRole.role_id AND role.tenant_code = 0 WHERE cRole.customer_id = ? 
2020-08-03 21:12:57,792 [XNIO-1 task-1] DEBUG [c.w.u.mapper.SysRoleMapper.getCustomerRoleById] BaseJdbcLogger.java:143 - ==> Parameters: 1(Long)
2020-08-03 21:12:57,795 [XNIO-1 task-1] DEBUG [c.w.u.mapper.SysMenuMapper.getMenuByRoleId] BaseJdbcLogger.java:143 - ====>  Preparing: SELECT sym.* FROM sys_menu sym RIGHT JOIN sys_role_menu srm ON srm.menu_id = sym.id WHERE srm.role_id = ? AND sym.tenant_code = 0 
2020-08-03 21:12:57,795 [XNIO-1 task-1] DEBUG [c.w.u.mapper.SysMenuMapper.getMenuByRoleId] BaseJdbcLogger.java:143 - ====> Parameters: 1(Long)
2020-08-03 21:12:57,796 [XNIO-1 task-1] DEBUG [c.w.u.mapper.SysMenuMapper.getMenuByRoleId] BaseJdbcLogger.java:143 - <====      Total: 1
2020-08-03 21:12:57,797 [XNIO-1 task-1] DEBUG [c.w.u.mapper.SysRoleMapper.getCustomerRoleById] BaseJdbcLogger.java:143 - <==      Total: 1
2020-08-03 21:12:57,809 [XNIO-1 task-1] DEBUG [c.w.u.mapper.SysMenuMapper.getMenuByRoleIds] BaseJdbcLogger.java:143 - ==>  Preparing: SELECT sym.* FROM sys_menu sym RIGHT JOIN sys_role_menu srm ON srm.menu_id = sym.id WHERE srm.role_id IN (?) AND sym.tenant_code = 0 
2020-08-03 21:12:57,810 [XNIO-1 task-1] DEBUG [c.w.u.mapper.SysMenuMapper.getMenuByRoleIds] BaseJdbcLogger.java:143 - ==> Parameters: 1(Long)
2020-08-03 21:12:57,812 [XNIO-1 task-1] DEBUG [c.w.u.mapper.SysMenuMapper.getMenuByRoleIds] BaseJdbcLogger.java:143 - <==      Total: 1
2020-08-03 21:15:07,020 [XNIO-1 task-1] DEBUG [c.w.u.mapper.SysCustomerMapper.getUserById] BaseJdbcLogger.java:143 - ==>  Preparing: SELECT id, account, username, `password`, tenant_code, phone, avatar, create_time, update_time, `status`, is_delete, create_user, update_user FROM sys_customer WHERE ID = ? AND tenant_code = 0 
2020-08-03 21:15:07,021 [XNIO-1 task-1] DEBUG [c.w.u.mapper.SysCustomerMapper.getUserById] BaseJdbcLogger.java:143 - ==> Parameters: 1(Long)
2020-08-03 21:15:07,022 [XNIO-1 task-1] DEBUG [c.w.u.mapper.SysCustomerMapper.getUserById] BaseJdbcLogger.java:143 - <==      Total: 1
2020-08-03 21:15:07,024 [XNIO-1 task-1] DEBUG [c.w.u.mapper.SysRoleMapper.getCustomerRoleById] BaseJdbcLogger.java:143 - ==>  Preparing: SELECT role.* FROM sys_customer_role AS cRole LEFT JOIN sys_role role ON role.id = cRole.role_id AND role.tenant_code = 0 WHERE cRole.customer_id = ? 
2020-08-03 21:15:07,024 [XNIO-1 task-1] DEBUG [c.w.u.mapper.SysRoleMapper.getCustomerRoleById] BaseJdbcLogger.java:143 - ==> Parameters: 1(Long)
2020-08-03 21:15:07,026 [XNIO-1 task-1] DEBUG [c.w.u.mapper.SysMenuMapper.getMenuByRoleId] BaseJdbcLogger.java:143 - ====>  Preparing: SELECT sym.* FROM sys_menu sym RIGHT JOIN sys_role_menu srm ON srm.menu_id = sym.id WHERE srm.role_id = ? AND sym.tenant_code = 0 
2020-08-03 21:15:07,027 [XNIO-1 task-1] DEBUG [c.w.u.mapper.SysMenuMapper.getMenuByRoleId] BaseJdbcLogger.java:143 - ====> Parameters: 1(Long)
2020-08-03 21:15:07,028 [XNIO-1 task-1] DEBUG [c.w.u.mapper.SysMenuMapper.getMenuByRoleId] BaseJdbcLogger.java:143 - <====      Total: 1
2020-08-03 21:15:07,028 [XNIO-1 task-1] DEBUG [c.w.u.mapper.SysRoleMapper.getCustomerRoleById] BaseJdbcLogger.java:143 - <==      Total: 1
2020-08-03 21:15:07,043 [XNIO-1 task-1] DEBUG [c.w.u.mapper.SysMenuMapper.getMenuByRoleIds] BaseJdbcLogger.java:143 - ==>  Preparing: SELECT sym.* FROM sys_menu sym RIGHT JOIN sys_role_menu srm ON srm.menu_id = sym.id WHERE srm.role_id IN (?) AND sym.tenant_code = 0 
2020-08-03 21:15:07,043 [XNIO-1 task-1] DEBUG [c.w.u.mapper.SysMenuMapper.getMenuByRoleIds] BaseJdbcLogger.java:143 - ==> Parameters: 1(Long)
2020-08-03 21:15:07,045 [XNIO-1 task-1] DEBUG [c.w.u.mapper.SysMenuMapper.getMenuByRoleIds] BaseJdbcLogger.java:143 - <==      Total: 1
2020-08-03 21:40:55,472 [XNIO-1 task-1] DEBUG [c.w.u.mapper.SysCustomerMapper.getUserById] BaseJdbcLogger.java:143 - ==>  Preparing: SELECT id, account, username, `password`, tenant_code, phone, avatar, create_time, update_time, `status`, is_delete, create_user, update_user FROM sys_customer WHERE ID = ? AND tenant_code = 0 
2020-08-03 21:40:55,473 [XNIO-1 task-1] DEBUG [c.w.u.mapper.SysCustomerMapper.getUserById] BaseJdbcLogger.java:143 - ==> Parameters: 1(Long)
2020-08-03 21:40:55,474 [XNIO-1 task-1] DEBUG [c.w.u.mapper.SysCustomerMapper.getUserById] BaseJdbcLogger.java:143 - <==      Total: 1
2020-08-03 21:40:55,476 [XNIO-1 task-1] DEBUG [c.w.u.mapper.SysRoleMapper.getCustomerRoleById] BaseJdbcLogger.java:143 - ==>  Preparing: SELECT role.* FROM sys_customer_role AS cRole LEFT JOIN sys_role role ON role.id = cRole.role_id AND role.tenant_code = 0 WHERE cRole.customer_id = ? 
2020-08-03 21:40:55,477 [XNIO-1 task-1] DEBUG [c.w.u.mapper.SysRoleMapper.getCustomerRoleById] BaseJdbcLogger.java:143 - ==> Parameters: 1(Long)
2020-08-03 21:40:55,479 [XNIO-1 task-1] DEBUG [c.w.u.mapper.SysMenuMapper.getMenuByRoleId] BaseJdbcLogger.java:143 - ====>  Preparing: SELECT sym.* FROM sys_menu sym RIGHT JOIN sys_role_menu srm ON srm.menu_id = sym.id WHERE srm.role_id = ? AND sym.tenant_code = 0 
2020-08-03 21:40:55,479 [XNIO-1 task-1] DEBUG [c.w.u.mapper.SysMenuMapper.getMenuByRoleId] BaseJdbcLogger.java:143 - ====> Parameters: 1(Long)
2020-08-03 21:40:55,480 [XNIO-1 task-1] DEBUG [c.w.u.mapper.SysMenuMapper.getMenuByRoleId] BaseJdbcLogger.java:143 - <====      Total: 1
2020-08-03 21:40:55,481 [XNIO-1 task-1] DEBUG [c.w.u.mapper.SysRoleMapper.getCustomerRoleById] BaseJdbcLogger.java:143 - <==      Total: 1
2020-08-03 21:40:55,593 [XNIO-1 task-1] DEBUG [c.w.u.mapper.SysMenuMapper.getMenuByRoleIds] BaseJdbcLogger.java:143 - ==>  Preparing: SELECT sym.* FROM sys_menu sym RIGHT JOIN sys_role_menu srm ON srm.menu_id = sym.id WHERE srm.role_id IN (?) AND sym.tenant_code = 0 
2020-08-03 21:40:55,594 [XNIO-1 task-1] DEBUG [c.w.u.mapper.SysMenuMapper.getMenuByRoleIds] BaseJdbcLogger.java:143 - ==> Parameters: 1(Long)
2020-08-03 21:40:55,595 [XNIO-1 task-1] DEBUG [c.w.u.mapper.SysMenuMapper.getMenuByRoleIds] BaseJdbcLogger.java:143 - <==      Total: 1
